<?xml version="1.0" encoding="UTF-8"?>
<!-- Generated by org.testng.reporters.JUnitReportReporter -->
<testsuite skipped="0" hostname="Sanjays-MacBook-Air.local" name="com.tests.ProductTests" tests="1" failures="0" timestamp="2021-12-31T22:05:13 IST" time="6.428" errors="0">
  <testcase name="ClickActivityTest" time="6.428" classname="com.tests.ProductTests"/>
  <system-out/>
</testsuite> <!-- com.tests.ProductTests -->
